2022-11-28 00:00:48,039 DEBUG com.mao.stackerapi.controller.security.LoginController [http-nio-8080-exec-3] Entrando en authenticateUser
2022-11-28 00:00:48,080 DEBUG com.mao.stackerapi.services.impl.LoginService [http-nio-8080-exec-3] Entrando en autenticarUser
2022-11-28 00:00:48,087 DEBUG com.mao.stackerapi.services.impl.LoginService [http-nio-8080-exec-3] Saliendo de autenticarUser
2022-11-28 00:00:48,087 DEBUG com.mao.stackerapi.controller.security.LoginController [http-nio-8080-exec-3] Saliendo de authenticateUser
2022-11-28 00:01:06,891 DEBUG com.mao.stackerapi.controller.api.PublicacionController [http-nio-8080-exec-6] PublicacionController: Ingresando a obtenerTodosPublicacion...
2022-11-28 00:01:06,891 DEBUG com.mao.stackerapi.controller.api.PublicacionController [http-nio-8080-exec-5] PublicacionController: Ingresando a obtenerTodosPublicacion...
2022-11-28 00:01:06,892 DEBUG com.mao.stackerapi.services.impl.PublicacionServiceImpl [http-nio-8080-exec-5] PublicacionServiceImpl: Ingresando a obtenerTodoPublicacion...
2022-11-28 00:01:06,892 DEBUG com.mao.stackerapi.services.impl.PublicacionServiceImpl [http-nio-8080-exec-6] PublicacionServiceImpl: Ingresando a obtenerTodoPublicacion...
2022-11-28 00:01:06,905 DEBUG com.mao.stackerapi.services.impl.PublicacionServiceImpl [http-nio-8080-exec-5] PublicacionServiceImpl: Saliendo de obtenerTodoPublicacion...
2022-11-28 00:01:06,905 DEBUG com.mao.stackerapi.controller.api.PublicacionController [http-nio-8080-exec-5] PublicacionController: Saliendo de obtenerTodosPublicacion...
2022-11-28 00:01:06,906 DEBUG com.mao.stackerapi.services.impl.PublicacionServiceImpl [http-nio-8080-exec-6] PublicacionServiceImpl: Saliendo de obtenerTodoPublicacion...
2022-11-28 00:01:06,906 DEBUG com.mao.stackerapi.controller.api.PublicacionController [http-nio-8080-exec-6] PublicacionController: Saliendo de obtenerTodosPublicacion...
2022-11-28 00:03:34,138 DEBUG com.mao.stackerapi.controller.api.PublicacionController [http-nio-8080-exec-9] PublicacionController: Ingresando a obtenerTodosPublicacion...
2022-11-28 00:03:34,139 DEBUG com.mao.stackerapi.services.impl.PublicacionServiceImpl [http-nio-8080-exec-9] PublicacionServiceImpl: Ingresando a obtenerTodoPublicacion...
2022-11-28 00:03:34,139 DEBUG com.mao.stackerapi.controller.api.PublicacionController [http-nio-8080-exec-10] PublicacionController: Ingresando a obtenerTodosPublicacion...
2022-11-28 00:03:34,140 DEBUG com.mao.stackerapi.services.impl.PublicacionServiceImpl [http-nio-8080-exec-10] PublicacionServiceImpl: Ingresando a obtenerTodoPublicacion...
2022-11-28 00:03:34,152 DEBUG com.mao.stackerapi.services.impl.PublicacionServiceImpl [http-nio-8080-exec-10] PublicacionServiceImpl: Saliendo de obtenerTodoPublicacion...
2022-11-28 00:03:34,152 DEBUG com.mao.stackerapi.services.impl.PublicacionServiceImpl [http-nio-8080-exec-9] PublicacionServiceImpl: Saliendo de obtenerTodoPublicacion...
2022-11-28 00:03:34,152 DEBUG com.mao.stackerapi.controller.api.PublicacionController [http-nio-8080-exec-10] PublicacionController: Saliendo de obtenerTodosPublicacion...
2022-11-28 00:03:34,152 DEBUG com.mao.stackerapi.controller.api.PublicacionController [http-nio-8080-exec-9] PublicacionController: Saliendo de obtenerTodosPublicacion...
2022-11-28 00:03:51,516 DEBUG com.mao.stackerapi.controller.api.PublicacionController [http-nio-8080-exec-1] PublicacionController: Ingresando a obtenerTodosPublicacion...
2022-11-28 00:03:51,516 DEBUG com.mao.stackerapi.controller.api.PublicacionController [http-nio-8080-exec-4] PublicacionController: Ingresando a obtenerTodosPublicacion...
2022-11-28 00:03:51,516 DEBUG com.mao.stackerapi.services.impl.PublicacionServiceImpl [http-nio-8080-exec-4] PublicacionServiceImpl: Ingresando a obtenerTodoPublicacion...
2022-11-28 00:03:51,516 DEBUG com.mao.stackerapi.services.impl.PublicacionServiceImpl [http-nio-8080-exec-1] PublicacionServiceImpl: Ingresando a obtenerTodoPublicacion...
2022-11-28 00:03:51,527 DEBUG com.mao.stackerapi.services.impl.PublicacionServiceImpl [http-nio-8080-exec-4] PublicacionServiceImpl: Saliendo de obtenerTodoPublicacion...
2022-11-28 00:03:51,527 DEBUG com.mao.stackerapi.services.impl.PublicacionServiceImpl [http-nio-8080-exec-1] PublicacionServiceImpl: Saliendo de obtenerTodoPublicacion...
2022-11-28 00:03:51,528 DEBUG com.mao.stackerapi.controller.api.PublicacionController [http-nio-8080-exec-1] PublicacionController: Saliendo de obtenerTodosPublicacion...
2022-11-28 00:03:51,528 DEBUG com.mao.stackerapi.controller.api.PublicacionController [http-nio-8080-exec-4] PublicacionController: Saliendo de obtenerTodosPublicacion...
2022-11-28 00:04:06,147 DEBUG com.mao.stackerapi.controller.api.PublicacionController [http-nio-8080-exec-3] PublicacionController: Ingresando a obtenerTodosPublicacion...
2022-11-28 00:04:06,147 DEBUG com.mao.stackerapi.controller.api.PublicacionController [http-nio-8080-exec-2] PublicacionController: Ingresando a obtenerTodosPublicacion...
2022-11-28 00:04:06,148 DEBUG com.mao.stackerapi.services.impl.PublicacionServiceImpl [http-nio-8080-exec-3] PublicacionServiceImpl: Ingresando a obtenerTodoPublicacion...
2022-11-28 00:04:06,148 DEBUG com.mao.stackerapi.services.impl.PublicacionServiceImpl [http-nio-8080-exec-2] PublicacionServiceImpl: Ingresando a obtenerTodoPublicacion...
2022-11-28 00:04:06,156 DEBUG com.mao.stackerapi.services.impl.PublicacionServiceImpl [http-nio-8080-exec-2] PublicacionServiceImpl: Saliendo de obtenerTodoPublicacion...
2022-11-28 00:04:06,157 DEBUG com.mao.stackerapi.controller.api.PublicacionController [http-nio-8080-exec-2] PublicacionController: Saliendo de obtenerTodosPublicacion...
2022-11-28 00:04:06,157 DEBUG com.mao.stackerapi.services.impl.PublicacionServiceImpl [http-nio-8080-exec-3] PublicacionServiceImpl: Saliendo de obtenerTodoPublicacion...
2022-11-28 00:04:06,157 DEBUG com.mao.stackerapi.controller.api.PublicacionController [http-nio-8080-exec-3] PublicacionController: Saliendo de obtenerTodosPublicacion...
2022-11-28 00:05:26,382 DEBUG com.mao.stackerapi.controller.api.PublicacionController [http-nio-8080-exec-8] PublicacionController: Ingresando a obtenerTodosPublicacion...
2022-11-28 00:05:26,382 DEBUG com.mao.stackerapi.controller.api.PublicacionController [http-nio-8080-exec-7] PublicacionController: Ingresando a obtenerTodosPublicacion...
2022-11-28 00:05:26,383 DEBUG com.mao.stackerapi.services.impl.PublicacionServiceImpl [http-nio-8080-exec-8] PublicacionServiceImpl: Ingresando a obtenerTodoPublicacion...
2022-11-28 00:05:26,383 DEBUG com.mao.stackerapi.services.impl.PublicacionServiceImpl [http-nio-8080-exec-7] PublicacionServiceImpl: Ingresando a obtenerTodoPublicacion...
2022-11-28 00:05:26,392 DEBUG com.mao.stackerapi.services.impl.PublicacionServiceImpl [http-nio-8080-exec-8] PublicacionServiceImpl: Saliendo de obtenerTodoPublicacion...
2022-11-28 00:05:26,392 DEBUG com.mao.stackerapi.controller.api.PublicacionController [http-nio-8080-exec-8] PublicacionController: Saliendo de obtenerTodosPublicacion...
2022-11-28 00:05:26,392 DEBUG com.mao.stackerapi.services.impl.PublicacionServiceImpl [http-nio-8080-exec-7] PublicacionServiceImpl: Saliendo de obtenerTodoPublicacion...
2022-11-28 00:05:26,392 DEBUG com.mao.stackerapi.controller.api.PublicacionController [http-nio-8080-exec-7] PublicacionController: Saliendo de obtenerTodosPublicacion...
2022-11-28 00:05:27,401 DEBUG com.mao.stackerapi.controller.api.PublicacionController [http-nio-8080-exec-9] PublicacionController: Ingresando a obtenerTodosPublicacion...
2022-11-28 00:05:27,401 DEBUG com.mao.stackerapi.controller.api.PublicacionController [http-nio-8080-exec-10] PublicacionController: Ingresando a obtenerTodosPublicacion...
2022-11-28 00:05:27,404 DEBUG com.mao.stackerapi.services.impl.PublicacionServiceImpl [http-nio-8080-exec-9] PublicacionServiceImpl: Ingresando a obtenerTodoPublicacion...
2022-11-28 00:05:27,404 DEBUG com.mao.stackerapi.services.impl.PublicacionServiceImpl [http-nio-8080-exec-10] PublicacionServiceImpl: Ingresando a obtenerTodoPublicacion...
2022-11-28 00:05:27,410 DEBUG com.mao.stackerapi.services.impl.PublicacionServiceImpl [http-nio-8080-exec-9] PublicacionServiceImpl: Saliendo de obtenerTodoPublicacion...
2022-11-28 00:05:27,411 DEBUG com.mao.stackerapi.services.impl.PublicacionServiceImpl [http-nio-8080-exec-10] PublicacionServiceImpl: Saliendo de obtenerTodoPublicacion...
2022-11-28 00:05:27,411 DEBUG com.mao.stackerapi.controller.api.PublicacionController [http-nio-8080-exec-10] PublicacionController: Saliendo de obtenerTodosPublicacion...
2022-11-28 00:05:27,411 DEBUG com.mao.stackerapi.controller.api.PublicacionController [http-nio-8080-exec-9] PublicacionController: Saliendo de obtenerTodosPublicacion...
2022-11-28 00:05:28,476 DEBUG com.mao.stackerapi.controller.api.PublicacionController [http-nio-8080-exec-1] PublicacionController: Ingresando a obtenerTodosPublicacion...
2022-11-28 00:05:28,476 DEBUG com.mao.stackerapi.controller.api.PublicacionController [http-nio-8080-exec-4] PublicacionController: Ingresando a obtenerTodosPublicacion...
2022-11-28 00:05:28,477 DEBUG com.mao.stackerapi.services.impl.PublicacionServiceImpl [http-nio-8080-exec-1] PublicacionServiceImpl: Ingresando a obtenerTodoPublicacion...
2022-11-28 00:05:28,477 DEBUG com.mao.stackerapi.services.impl.PublicacionServiceImpl [http-nio-8080-exec-4] PublicacionServiceImpl: Ingresando a obtenerTodoPublicacion...
2022-11-28 00:05:28,488 DEBUG com.mao.stackerapi.services.impl.PublicacionServiceImpl [http-nio-8080-exec-4] PublicacionServiceImpl: Saliendo de obtenerTodoPublicacion...
2022-11-28 00:05:28,488 DEBUG com.mao.stackerapi.controller.api.PublicacionController [http-nio-8080-exec-4] PublicacionController: Saliendo de obtenerTodosPublicacion...
2022-11-28 00:05:28,488 DEBUG com.mao.stackerapi.services.impl.PublicacionServiceImpl [http-nio-8080-exec-1] PublicacionServiceImpl: Saliendo de obtenerTodoPublicacion...
2022-11-28 00:05:28,488 DEBUG com.mao.stackerapi.controller.api.PublicacionController [http-nio-8080-exec-1] PublicacionController: Saliendo de obtenerTodosPublicacion...
2022-11-28 00:06:38,583 DEBUG com.mao.stackerapi.controller.security.LoginController [http-nio-8080-exec-9] Entrando en authenticateUser
2022-11-28 00:06:38,583 DEBUG com.mao.stackerapi.services.impl.LoginService [http-nio-8080-exec-9] Entrando en autenticarUser
2022-11-28 00:06:38,589 DEBUG com.mao.stackerapi.services.impl.LoginService [http-nio-8080-exec-9] Saliendo de autenticarUser
2022-11-28 00:06:38,589 DEBUG com.mao.stackerapi.controller.security.LoginController [http-nio-8080-exec-9] Saliendo de authenticateUser
2022-11-28 00:06:41,450 DEBUG com.mao.stackerapi.controller.api.PublicacionController [http-nio-8080-exec-10] PublicacionController: Ingresando a obtenerTodosPublicacion...
2022-11-28 00:06:41,450 DEBUG com.mao.stackerapi.controller.api.PublicacionController [http-nio-8080-exec-4] PublicacionController: Ingresando a obtenerTodosPublicacion...
2022-11-28 00:06:41,451 DEBUG com.mao.stackerapi.services.impl.PublicacionServiceImpl [http-nio-8080-exec-10] PublicacionServiceImpl: Ingresando a obtenerTodoPublicacion...
2022-11-28 00:06:41,451 DEBUG com.mao.stackerapi.services.impl.PublicacionServiceImpl [http-nio-8080-exec-4] PublicacionServiceImpl: Ingresando a obtenerTodoPublicacion...
2022-11-28 00:06:41,460 DEBUG com.mao.stackerapi.services.impl.PublicacionServiceImpl [http-nio-8080-exec-4] PublicacionServiceImpl: Saliendo de obtenerTodoPublicacion...
2022-11-28 00:06:41,460 DEBUG com.mao.stackerapi.services.impl.PublicacionServiceImpl [http-nio-8080-exec-10] PublicacionServiceImpl: Saliendo de obtenerTodoPublicacion...
2022-11-28 00:06:41,460 DEBUG com.mao.stackerapi.controller.api.PublicacionController [http-nio-8080-exec-4] PublicacionController: Saliendo de obtenerTodosPublicacion...
2022-11-28 00:06:41,460 DEBUG com.mao.stackerapi.controller.api.PublicacionController [http-nio-8080-exec-10] PublicacionController: Saliendo de obtenerTodosPublicacion...
2022-11-28 00:07:56,539 DEBUG com.mao.stackerapi.controller.api.PublicacionController [http-nio-8080-exec-6] PublicacionController: Ingresando a obtenerTodosPublicacion...
2022-11-28 00:07:56,539 DEBUG com.mao.stackerapi.controller.api.PublicacionController [http-nio-8080-exec-3] PublicacionController: Ingresando a obtenerTodosPublicacion...
2022-11-28 00:07:56,540 DEBUG com.mao.stackerapi.services.impl.PublicacionServiceImpl [http-nio-8080-exec-6] PublicacionServiceImpl: Ingresando a obtenerTodoPublicacion...
2022-11-28 00:07:56,540 DEBUG com.mao.stackerapi.services.impl.PublicacionServiceImpl [http-nio-8080-exec-3] PublicacionServiceImpl: Ingresando a obtenerTodoPublicacion...
2022-11-28 00:07:56,554 DEBUG com.mao.stackerapi.services.impl.PublicacionServiceImpl [http-nio-8080-exec-3] PublicacionServiceImpl: Saliendo de obtenerTodoPublicacion...
2022-11-28 00:07:56,554 DEBUG com.mao.stackerapi.services.impl.PublicacionServiceImpl [http-nio-8080-exec-6] PublicacionServiceImpl: Saliendo de obtenerTodoPublicacion...
2022-11-28 00:07:56,554 DEBUG com.mao.stackerapi.controller.api.PublicacionController [http-nio-8080-exec-3] PublicacionController: Saliendo de obtenerTodosPublicacion...
2022-11-28 00:07:56,554 DEBUG com.mao.stackerapi.controller.api.PublicacionController [http-nio-8080-exec-6] PublicacionController: Saliendo de obtenerTodosPublicacion...
2022-11-28 00:08:00,482 DEBUG com.mao.stackerapi.controller.api.PublicacionController [http-nio-8080-exec-7] PublicacionController: Ingresando a obtenerTodosPublicacion...
2022-11-28 00:08:00,482 DEBUG com.mao.stackerapi.controller.api.PublicacionController [http-nio-8080-exec-5] PublicacionController: Ingresando a obtenerTodosPublicacion...
2022-11-28 00:08:00,483 DEBUG com.mao.stackerapi.services.impl.PublicacionServiceImpl [http-nio-8080-exec-7] PublicacionServiceImpl: Ingresando a obtenerTodoPublicacion...
2022-11-28 00:08:00,483 DEBUG com.mao.stackerapi.services.impl.PublicacionServiceImpl [http-nio-8080-exec-5] PublicacionServiceImpl: Ingresando a obtenerTodoPublicacion...
2022-11-28 00:08:00,489 DEBUG com.mao.stackerapi.services.impl.PublicacionServiceImpl [http-nio-8080-exec-7] PublicacionServiceImpl: Saliendo de obtenerTodoPublicacion...
2022-11-28 00:08:00,489 DEBUG com.mao.stackerapi.services.impl.PublicacionServiceImpl [http-nio-8080-exec-5] PublicacionServiceImpl: Saliendo de obtenerTodoPublicacion...
2022-11-28 00:08:00,490 DEBUG com.mao.stackerapi.controller.api.PublicacionController [http-nio-8080-exec-7] PublicacionController: Saliendo de obtenerTodosPublicacion...
2022-11-28 00:08:00,490 DEBUG com.mao.stackerapi.controller.api.PublicacionController [http-nio-8080-exec-5] PublicacionController: Saliendo de obtenerTodosPublicacion...
2022-11-28 00:08:01,730 DEBUG com.mao.stackerapi.controller.api.PublicacionController [http-nio-8080-exec-8] PublicacionController: Ingresando a obtenerTodosPublicacion...
2022-11-28 00:08:01,730 DEBUG com.mao.stackerapi.controller.api.PublicacionController [http-nio-8080-exec-9] PublicacionController: Ingresando a obtenerTodosPublicacion...
2022-11-28 00:08:01,730 DEBUG com.mao.stackerapi.services.impl.PublicacionServiceImpl [http-nio-8080-exec-8] PublicacionServiceImpl: Ingresando a obtenerTodoPublicacion...
2022-11-28 00:08:01,730 DEBUG com.mao.stackerapi.services.impl.PublicacionServiceImpl [http-nio-8080-exec-9] PublicacionServiceImpl: Ingresando a obtenerTodoPublicacion...
2022-11-28 00:08:01,739 DEBUG com.mao.stackerapi.services.impl.PublicacionServiceImpl [http-nio-8080-exec-9] PublicacionServiceImpl: Saliendo de obtenerTodoPublicacion...
2022-11-28 00:08:01,739 DEBUG com.mao.stackerapi.services.impl.PublicacionServiceImpl [http-nio-8080-exec-8] PublicacionServiceImpl: Saliendo de obtenerTodoPublicacion...
2022-11-28 00:08:01,740 DEBUG com.mao.stackerapi.controller.api.PublicacionController [http-nio-8080-exec-9] PublicacionController: Saliendo de obtenerTodosPublicacion...
2022-11-28 00:08:01,740 DEBUG com.mao.stackerapi.controller.api.PublicacionController [http-nio-8080-exec-8] PublicacionController: Saliendo de obtenerTodosPublicacion...
2022-11-28 00:08:03,376 DEBUG com.mao.stackerapi.controller.api.PublicacionController [http-nio-8080-exec-4] PublicacionController: Ingresando a obtenerTodosPublicacion...
2022-11-28 00:08:03,376 DEBUG com.mao.stackerapi.controller.api.PublicacionController [http-nio-8080-exec-10] PublicacionController: Ingresando a obtenerTodosPublicacion...
2022-11-28 00:08:03,377 DEBUG com.mao.stackerapi.services.impl.PublicacionServiceImpl [http-nio-8080-exec-4] PublicacionServiceImpl: Ingresando a obtenerTodoPublicacion...
2022-11-28 00:08:03,377 DEBUG com.mao.stackerapi.services.impl.PublicacionServiceImpl [http-nio-8080-exec-10] PublicacionServiceImpl: Ingresando a obtenerTodoPublicacion...
2022-11-28 00:08:03,387 DEBUG com.mao.stackerapi.services.impl.PublicacionServiceImpl [http-nio-8080-exec-4] PublicacionServiceImpl: Saliendo de obtenerTodoPublicacion...
2022-11-28 00:08:03,387 DEBUG com.mao.stackerapi.services.impl.PublicacionServiceImpl [http-nio-8080-exec-10] PublicacionServiceImpl: Saliendo de obtenerTodoPublicacion...
2022-11-28 00:08:03,387 DEBUG com.mao.stackerapi.controller.api.PublicacionController [http-nio-8080-exec-4] PublicacionController: Saliendo de obtenerTodosPublicacion...
